\BOOKMARK [1][]{section.1}{1 网络性能测试指标}{}% 1
\BOOKMARK [1][]{section.2}{2 网络性能测试工具选择}{}% 2
\BOOKMARK [2][]{subsection.2.1}{2.1 常见的网络性能测试工具简介}{section.2}% 3
\BOOKMARK [2][]{subsection.2.2}{2.2 测试方法确定}{section.2}% 4
\BOOKMARK [1][]{section.3}{3 网络性能测试工具iperf的使用}{}% 5
\BOOKMARK [2][]{subsection.3.1}{3.1 功能简介}{section.3}% 6
\BOOKMARK [3][]{subsubsection.3.1.1}{3.1.1\040TCP}{subsection.3.1}% 7
\BOOKMARK [3][]{subsubsection.3.1.2}{3.1.2\040UDP}{subsection.3.1}% 8
\BOOKMARK [3][]{subsubsection.3.1.3}{3.1.3 其他}{subsection.3.1}% 9
\BOOKMARK [2][]{subsection.3.2}{3.2 使用原理}{section.3}% 10
\BOOKMARK [2][]{subsection.3.3}{3.3 iperf使用方法与参数说明}{section.3}% 11
\BOOKMARK [2][]{subsection.3.4}{3.4 tcp包测试带宽示范}{section.3}% 12
\BOOKMARK [2][]{subsection.3.5}{3.5 udp包同时测试抖动和丢包示范}{section.3}% 13
\BOOKMARK [1][]{section.4}{4 ping命令的使用}{}% 14
\BOOKMARK [2][]{subsection.4.1}{4.1 ping使用方法与参数说明}{section.4}% 15
\BOOKMARK [2][]{subsection.4.2}{4.2 icmp包测试延迟示范}{section.4}% 16
\BOOKMARK [1][]{section.5}{5 测试用例设计}{}% 17
\BOOKMARK [2][]{subsection.5.1}{5.1 带宽测试用例设计}{section.5}% 18
\BOOKMARK [2][]{subsection.5.2}{5.2 延迟测试用例设计}{section.5}% 19
\BOOKMARK [2][]{subsection.5.3}{5.3 抖动和丢包测试用例设计}{section.5}% 20
